<?xml version="1.0" encoding="UTF-8"?>
<testsuite xmlns:xsi="http://www.w3.org/2001/XMLSchema-instance" xsi:noNamespaceSchemaLocation="https://maven.apache.org/surefire/maven-surefire-plugin/xsd/surefire-test-report.xsd" version="3.0.2" name="de.robinmeese.keycloak.events.LastLoginListenerTest" time="35.991" tests="1" errors="0" skipped="0" failures="0">
  <properties>
    <property name="java.specification.version" value="17"/>
    <property name="sun.jnu.encoding" value="UTF-8"/>
    <property name="java.class.path" value="/home/runner/work/keycloak-last-login/keycloak-last-login/target/test-classes:/home/runner/work/keycloak-last-login/keycloak-last-login/target/classes:/home/runner/.m2/repository/org/keycloak/keycloak-core/24.0.0/keycloak-core-24.0.0.jar:/home/runner/.m2/repository/org/keycloak/keycloak-common/24.0.0/keycloak-common-24.0.0.jar:/home/runner/.m2/repository/jakarta/activation/jakarta.activation-api/2.1.2/jakarta.activation-api-2.1.2.jar:/home/runner/.m2/repository/com/fasterxml/jackson/core/jackson-core/2.16.1/jackson-core-2.16.1.jar:/home/runner/.m2/repository/com/fasterxml/jackson/core/jackson-databind/2.16.1/jackson-databind-2.16.1.jar:/home/runner/.m2/repository/org/eclipse/microprofile/openapi/microprofile-openapi-api/3.1.1/microprofile-openapi-api-3.1.1.jar:/home/runner/.m2/repository/org/keycloak/keycloak-server-spi/24.0.0/keycloak-server-spi-24.0.0.jar:/home/runner/.m2/repository/org/keycloak/keycloak-server-spi-private/24.0.0/keycloak-server-spi-private-24.0.0.jar:/home/runner/.m2/repository/org/apache/httpcomponents/httpclient/4.5.14/httpclient-4.5.14.jar:/home/runner/.m2/repository/org/apache/httpcomponents/httpcore/4.4.16/httpcore-4.4.16.jar:/home/runner/.m2/repository/commons-logging/commons-logging/1.2/commons-logging-1.2.jar:/home/runner/.m2/repository/commons-codec/commons-codec/1.11/commons-codec-1.11.jar:/home/runner/.m2/repository/org/keycloak/keycloak-services/24.0.0/keycloak-services-24.0.0.jar:/home/runner/.m2/repository/jakarta/mail/jakarta.mail-api/2.1.1/jakarta.mail-api-2.1.1.jar:/home/runner/.m2/repository/org/eclipse/angus/angus-mail/2.0.1/angus-mail-2.0.1.jar:/home/runner/.m2/repository/org/eclipse/angus/angus-activation/2.0.0/angus-activation-2.0.0.jar:/home/runner/.m2/repository/org/twitter4j/twitter4j-core/4.1.2/twitter4j-core-4.1.2.jar:/home/runner/.m2/repository/org/jboss/logging/jboss-logging/3.5.3.Final/jboss-logging-3.5.3.Final.jar:/home/runner/.m2/repository/jakarta/ws/rs/jakarta.ws.rs-api/3.1.0/jakarta.ws.rs-api-3.1.0.jar:/home/runner/.m2/repository/jakarta/transaction/jakarta.transaction-api/2.0.1/jakarta.transaction-api-2.0.1.jar:/home/runner/.m2/repository/jakarta/xml/soap/jakarta.xml.soap-api/3.0.0/jakarta.xml.soap-api-3.0.0.jar:/home/runner/.m2/repository/org/jboss/resteasy/resteasy-core-spi/6.2.7.Final/resteasy-core-spi-6.2.7.Final.jar:/home/runner/.m2/repository/jakarta/annotation/jakarta.annotation-api/2.1.1/jakarta.annotation-api-2.1.1.jar:/home/runner/.m2/repository/jakarta/xml/bind/jakarta.xml.bind-api/3.0.1/jakarta.xml.bind-api-3.0.1.jar:/home/runner/.m2/repository/org/reactivestreams/reactive-streams/1.0.4/reactive-streams-1.0.4.jar:/home/runner/.m2/repository/jakarta/validation/jakarta.validation-api/3.0.2/jakarta.validation-api-3.0.2.jar:/home/runner/.m2/repository/com/googlecode/owasp-java-html-sanitizer/owasp-java-html-sanitizer/20220608.1/owasp-java-html-sanitizer-20220608.1.jar:/home/runner/.m2/repository/com/google/guava/guava/30.1-jre/guava-30.1-jre.jar:/home/runner/.m2/repository/com/google/guava/failureaccess/1.0.1/failureaccess-1.0.1.jar:/home/runner/.m2/repository/com/google/guava/listenablefuture/9999.0-empty-to-avoid-conflict-with-guava/listenablefuture-9999.0-empty-to-avoid-conflict-with-guava.jar:/home/runner/.m2/repository/com/google/code/findbugs/jsr305/3.0.2/jsr305-3.0.2.jar:/home/runner/.m2/repository/com/google/errorprone/error_prone_annotations/2.3.4/error_prone_annotations-2.3.4.jar:/home/runner/.m2/repository/com/google/j2objc/j2objc-annotations/1.3/j2objc-annotations-1.3.jar:/home/runner/.m2/repository/com/fasterxml/jackson/core/jackson-annotations/2.16.1/jackson-annotations-2.16.1.jar:/home/runner/.m2/repository/javax/annotation/javax.annotation-api/1.3.2/javax.annotation-api-1.3.2.jar:/home/runner/.m2/repository/com/fasterxml/jackson/datatype/jackson-datatype-jdk8/2.16.1/jackson-datatype-jdk8-2.16.1.jar:/home/runner/.m2/repository/com/google/zxing/javase/3.4.0/javase-3.4.0.jar:/home/runner/.m2/repository/com/google/zxing/core/3.4.0/core-3.4.0.jar:/home/runner/.m2/repository/com/github/jai-imageio/jai-imageio-core/1.4.0/jai-imageio-core-1.4.0.jar:/home/runner/.m2/repository/com/webauthn4j/webauthn4j-core/0.21.5.RELEASE/webauthn4j-core-0.21.5.RELEASE.jar:/home/runner/.m2/repository/com/webauthn4j/webauthn4j-util/0.21.5.RELEASE/webauthn4j-util-0.21.5.RELEASE.jar:/home/runner/.m2/repository/org/apache/kerby/kerby-asn1/2.0.3/kerby-asn1-2.0.3.jar:/home/runner/.m2/repository/com/fasterxml/jackson/dataformat/jackson-dataformat-cbor/2.15.2/jackson-dataformat-cbor-2.15.2.jar:/home/runner/.m2/repository/org/checkerframework/checker-qual/3.36.0/checker-qual-3.36.0.jar:/home/runner/.m2/repository/com/github/ua-parser/uap-java/1.5.4/uap-java-1.5.4.jar:/home/runner/.m2/repository/org/apache/commons/commons-collections4/4.4/commons-collections4-4.4.jar:/home/runner/.m2/repository/io/smallrye/common/smallrye-common-annotation/2.1.2/smallrye-common-annotation-2.1.2.jar:/home/runner/.m2/repository/org/keycloak/keycloak-model-storage-private/24.0.0/keycloak-model-storage-private-24.0.0.jar:/home/runner/.m2/repository/org/keycloak/keycloak-model-storage/24.0.0/keycloak-model-storage-24.0.0.jar:/home/runner/.m2/repository/org/apache/logging/log4j/log4j-core/2.23.1/log4j-core-2.23.1.jar:/home/runner/.m2/repository/org/apache/logging/log4j/log4j-api/2.23.1/log4j-api-2.23.1.jar:/home/runner/.m2/repository/org/apache/logging/log4j/log4j-slf4j2-impl/2.23.1/log4j-slf4j2-impl-2.23.1.jar:/home/runner/.m2/repository/org/slf4j/slf4j-api/2.0.9/slf4j-api-2.0.9.jar:/home/runner/.m2/repository/org/junit/jupiter/junit-jupiter-api/5.10.3/junit-jupiter-api-5.10.3.jar:/home/runner/.m2/repository/org/opentest4j/opentest4j/1.3.0/opentest4j-1.3.0.jar:/home/runner/.m2/repository/org/junit/platform/junit-platform-commons/1.10.3/junit-platform-commons-1.10.3.jar:/home/runner/.m2/repository/org/apiguardian/apiguardian-api/1.1.2/apiguardian-api-1.1.2.jar:/home/runner/.m2/repository/org/junit/jupiter/junit-jupiter-params/5.10.3/junit-jupiter-params-5.10.3.jar:/home/runner/.m2/repository/org/mockito/mockito-core/5.12.0/mockito-core-5.12.0.jar:/home/runner/.m2/repository/net/bytebuddy/byte-buddy/1.14.15/byte-buddy-1.14.15.jar:/home/runner/.m2/repository/net/bytebuddy/byte-buddy-agent/1.14.15/byte-buddy-agent-1.14.15.jar:/home/runner/.m2/repository/org/objenesis/objenesis/3.3/objenesis-3.3.jar:/home/runner/.m2/repository/org/mockito/mockito-junit-jupiter/5.12.0/mockito-junit-jupiter-5.12.0.jar:/home/runner/.m2/repository/org/assertj/assertj-core/3.26.3/assertj-core-3.26.3.jar:/home/runner/.m2/repository/org/testcontainers/junit-jupiter/1.20.1/junit-jupiter-1.20.1.jar:/home/runner/.m2/repository/org/testcontainers/testcontainers/1.20.1/testcontainers-1.20.1.jar:/home/runner/.m2/repository/junit/junit/4.13.2/junit-4.13.2.jar:/home/runner/.m2/repository/org/hamcrest/hamcrest-core/1.3/hamcrest-core-1.3.jar:/home/runner/.m2/repository/org/apache/commons/commons-compress/1.24.0/commons-compress-1.24.0.jar:/home/runner/.m2/repository/org/rnorth/duct-tape/duct-tape/1.0.8/duct-tape-1.0.8.jar:/home/runner/.m2/repository/org/jetbrains/annotations/17.0.0/annotations-17.0.0.jar:/home/runner/.m2/repository/com/github/docker-java/docker-java-api/3.4.0/docker-java-api-3.4.0.jar:/home/runner/.m2/repository/com/github/docker-java/docker-java-transport-zerodep/3.4.0/docker-java-transport-zerodep-3.4.0.jar:/home/runner/.m2/repository/com/github/docker-java/docker-java-transport/3.4.0/docker-java-transport-3.4.0.jar:/home/runner/.m2/repository/net/java/dev/jna/jna/5.13.0/jna-5.13.0.jar:/home/runner/.m2/repository/com/github/dasniko/testcontainers-keycloak/3.3.0/testcontainers-keycloak-3.3.0.jar:/home/runner/.m2/repository/io/quarkus/quarkus-junit4-mock/3.8.1/quarkus-junit4-mock-3.8.1.jar:/home/runner/.m2/repository/org/jboss/shrinkwrap/shrinkwrap-api/1.2.6/shrinkwrap-api-1.2.6.jar:/home/runner/.m2/repository/org/jboss/shrinkwrap/shrinkwrap-impl-base/1.2.6/shrinkwrap-impl-base-1.2.6.jar:/home/runner/.m2/repository/org/jboss/shrinkwrap/shrinkwrap-spi/1.2.6/shrinkwrap-spi-1.2.6.jar:/home/runner/.m2/repository/org/keycloak/keycloak-admin-client/24.0.0/keycloak-admin-client-24.0.0.jar:/home/runner/.m2/repository/org/jboss/resteasy/resteasy-client/6.2.7.Final/resteasy-client-6.2.7.Final.jar:/home/runner/.m2/repository/org/jboss/resteasy/resteasy-client-api/6.2.7.Final/resteasy-client-api-6.2.7.Final.jar:/home/runner/.m2/repository/org/jboss/resteasy/resteasy-core/6.2.7.Final/resteasy-core-6.2.7.Final.jar:/home/runner/.m2/repository/org/jboss/jandex/2.4.4.Final/jandex-2.4.4.Final.jar:/home/runner/.m2/repository/com/ibm/async/asyncutil/0.1.0/asyncutil-0.1.0.jar:/home/runner/.m2/repository/org/jboss/resteasy/resteasy-multipart-provider/6.2.7.Final/resteasy-multipart-provider-6.2.7.Final.jar:/home/runner/.m2/repository/org/apache/james/apache-mime4j-dom/0.8.9/apache-mime4j-dom-0.8.9.jar:/home/runner/.m2/repository/org/apache/james/apache-mime4j-core/0.8.9/apache-mime4j-core-0.8.9.jar:/home/runner/.m2/repository/org/apache/james/apache-mime4j-storage/0.8.9/apache-mime4j-storage-0.8.9.jar:/home/runner/.m2/repository/commons-io/commons-io/2.11.0/commons-io-2.11.0.jar:/home/runner/.m2/repository/org/jboss/resteasy/resteasy-jackson2-provider/6.2.7.Final/resteasy-jackson2-provider-6.2.7.Final.jar:/home/runner/.m2/repository/com/fasterxml/jackson/jakarta/rs/jackson-jakarta-rs-base/2.15.3/jackson-jakarta-rs-base-2.15.3.jar:/home/runner/.m2/repository/com/fasterxml/jackson/jakarta/rs/jackson-jakarta-rs-json-provider/2.15.3/jackson-jakarta-rs-json-provider-2.15.3.jar:/home/runner/.m2/repository/com/fasterxml/jackson/module/jackson-module-jakarta-xmlbind-annotations/2.15.3/jackson-module-jakarta-xmlbind-annotations-2.15.3.jar:/home/runner/.m2/repository/com/github/java-json-tools/json-patch/1.13/json-patch-1.13.jar:/home/runner/.m2/repository/com/github/java-json-tools/msg-simple/1.2/msg-simple-1.2.jar:/home/runner/.m2/repository/com/github/java-json-tools/btf/1.3/btf-1.3.jar:/home/runner/.m2/repository/com/github/java-json-tools/jackson-coreutils/2.0/jackson-coreutils-2.0.jar:/home/runner/.m2/repository/org/jboss/resteasy/resteasy-jaxb-provider/6.2.7.Final/resteasy-jaxb-provider-6.2.7.Final.jar:/home/runner/.m2/repository/org/glassfish/jaxb/codemodel/4.0.3/codemodel-4.0.3.jar:/home/runner/.m2/repository/org/glassfish/jaxb/jaxb-core/4.0.3/jaxb-core-4.0.3.jar:/home/runner/.m2/repository/org/glassfish/jaxb/jaxb-jxc/4.0.3/jaxb-jxc-4.0.3.jar:/home/runner/.m2/repository/org/glassfish/jaxb/jaxb-runtime/4.0.3/jaxb-runtime-4.0.3.jar:/home/runner/.m2/repository/org/glassfish/jaxb/txw2/4.0.3/txw2-4.0.3.jar:/home/runner/.m2/repository/org/glassfish/jaxb/jaxb-xjc/4.0.3/jaxb-xjc-4.0.3.jar:/home/runner/.m2/repository/org/glassfish/jaxb/xsom/4.0.3/xsom-4.0.3.jar:/home/runner/.m2/repository/com/sun/istack/istack-commons-runtime/4.1.2/istack-commons-runtime-4.1.2.jar:/home/runner/.m2/repository/com/sun/istack/istack-commons-tools/4.1.2/istack-commons-tools-4.1.2.jar:/home/runner/.m2/repository/com/sun/xml/bind/external/relaxng-datatype/4.0.3/relaxng-datatype-4.0.3.jar:/home/runner/.m2/repository/com/sun/xml/bind/external/rngom/4.0.3/rngom-4.0.3.jar:/home/runner/.m2/repository/io/rest-assured/rest-assured/5.5.0/rest-assured-5.5.0.jar:/home/runner/.m2/repository/org/apache/groovy/groovy/4.0.22/groovy-4.0.22.jar:/home/runner/.m2/repository/org/apache/groovy/groovy-xml/4.0.22/groovy-xml-4.0.22.jar:/home/runner/.m2/repository/org/apache/httpcomponents/httpmime/4.5.13/httpmime-4.5.13.jar:/home/runner/.m2/repository/org/hamcrest/hamcrest/2.2/hamcrest-2.2.jar:/home/runner/.m2/repository/org/ccil/cowan/tagsoup/tagsoup/1.2.1/tagsoup-1.2.1.jar:/home/runner/.m2/repository/io/rest-assured/json-path/5.5.0/json-path-5.5.0.jar:/home/runner/.m2/repository/org/apache/groovy/groovy-json/4.0.22/groovy-json-4.0.22.jar:/home/runner/.m2/repository/io/rest-assured/rest-assured-common/5.5.0/rest-assured-common-5.5.0.jar:/home/runner/.m2/repository/io/rest-assured/xml-path/5.5.0/xml-path-5.5.0.jar:/home/runner/.m2/repository/org/apache/commons/commons-lang3/3.11/commons-lang3-3.11.jar:/home/runner/.m2/repository/org/apache/maven/maven-model/3.9.8/maven-model-3.9.8.jar:/home/runner/.m2/repository/org/codehaus/plexus/plexus-utils/3.5.1/plexus-utils-3.5.1.jar:"/>
    <property name="java.vm.vendor" value="Eclipse Adoptium"/>
    <property name="sun.arch.data.model" value="64"/>
    <property name="java.vendor.url" value="https://adoptium.net/"/>
    <property name="user.timezone" value="Etc/UTC"/>
    <property name="org.jboss.logging.provider" value="log4j2"/>
    <property name="os.name" value="Linux"/>
    <property name="java.vm.specification.version" value="17"/>
    <property name="sun.java.launcher" value="SUN_STANDARD"/>
    <property name="sun.boot.library.path" value="/usr/lib/jvm/temurin-17-jdk-amd64/lib"/>
    <property name="sun.java.command" value="/home/runner/work/keycloak-last-login/keycloak-last-login/target/surefire/surefirebooter-20240805141246876_3.jar /home/runner/work/keycloak-last-login/keycloak-last-login/target/surefire 2024-08-05T14-12-46_802-jvmRun1 surefire-20240805141246876_1tmp surefire_0-20240805141246876_2tmp"/>
    <property name="jdk.debug" value="release"/>
    <property name="surefire.test.class.path" value="/home/runner/work/keycloak-last-login/keycloak-last-login/target/test-classes:/home/runner/work/keycloak-last-login/keycloak-last-login/target/classes:/home/runner/.m2/repository/org/keycloak/keycloak-core/24.0.0/keycloak-core-24.0.0.jar:/home/runner/.m2/repository/org/keycloak/keycloak-common/24.0.0/keycloak-common-24.0.0.jar:/home/runner/.m2/repository/jakarta/activation/jakarta.activation-api/2.1.2/jakarta.activation-api-2.1.2.jar:/home/runner/.m2/repository/com/fasterxml/jackson/core/jackson-core/2.16.1/jackson-core-2.16.1.jar:/home/runner/.m2/repository/com/fasterxml/jackson/core/jackson-databind/2.16.1/jackson-databind-2.16.1.jar:/home/runner/.m2/repository/org/eclipse/microprofile/openapi/microprofile-openapi-api/3.1.1/microprofile-openapi-api-3.1.1.jar:/home/runner/.m2/repository/org/keycloak/keycloak-server-spi/24.0.0/keycloak-server-spi-24.0.0.jar:/home/runner/.m2/repository/org/keycloak/keycloak-server-spi-private/24.0.0/keycloak-server-spi-private-24.0.0.jar:/home/runner/.m2/repository/org/apache/httpcomponents/httpclient/4.5.14/httpclient-4.5.14.jar:/home/runner/.m2/repository/org/apache/httpcomponents/httpcore/4.4.16/httpcore-4.4.16.jar:/home/runner/.m2/repository/commons-logging/commons-logging/1.2/commons-logging-1.2.jar:/home/runner/.m2/repository/commons-codec/commons-codec/1.11/commons-codec-1.11.jar:/home/runner/.m2/repository/org/keycloak/keycloak-services/24.0.0/keycloak-services-24.0.0.jar:/home/runner/.m2/repository/jakarta/mail/jakarta.mail-api/2.1.1/jakarta.mail-api-2.1.1.jar:/home/runner/.m2/repository/org/eclipse/angus/angus-mail/2.0.1/angus-mail-2.0.1.jar:/home/runner/.m2/repository/org/eclipse/angus/angus-activation/2.0.0/angus-activation-2.0.0.jar:/home/runner/.m2/repository/org/twitter4j/twitter4j-core/4.1.2/twitter4j-core-4.1.2.jar:/home/runner/.m2/repository/org/jboss/logging/jboss-logging/3.5.3.Final/jboss-logging-3.5.3.Final.jar:/home/runner/.m2/repository/jakarta/ws/rs/jakarta.ws.rs-api/3.1.0/jakarta.ws.rs-api-3.1.0.jar:/home/runner/.m2/repository/jakarta/transaction/jakarta.transaction-api/2.0.1/jakarta.transaction-api-2.0.1.jar:/home/runner/.m2/repository/jakarta/xml/soap/jakarta.xml.soap-api/3.0.0/jakarta.xml.soap-api-3.0.0.jar:/home/runner/.m2/repository/org/jboss/resteasy/resteasy-core-spi/6.2.7.Final/resteasy-core-spi-6.2.7.Final.jar:/home/runner/.m2/repository/jakarta/annotation/jakarta.annotation-api/2.1.1/jakarta.annotation-api-2.1.1.jar:/home/runner/.m2/repository/jakarta/xml/bind/jakarta.xml.bind-api/3.0.1/jakarta.xml.bind-api-3.0.1.jar:/home/runner/.m2/repository/org/reactivestreams/reactive-streams/1.0.4/reactive-streams-1.0.4.jar:/home/runner/.m2/repository/jakarta/validation/jakarta.validation-api/3.0.2/jakarta.validation-api-3.0.2.jar:/home/runner/.m2/repository/com/googlecode/owasp-java-html-sanitizer/owasp-java-html-sanitizer/20220608.1/owasp-java-html-sanitizer-20220608.1.jar:/home/runner/.m2/repository/com/google/guava/guava/30.1-jre/guava-30.1-jre.jar:/home/runner/.m2/repository/com/google/guava/failureaccess/1.0.1/failureaccess-1.0.1.jar:/home/runner/.m2/repository/com/google/guava/listenablefuture/9999.0-empty-to-avoid-conflict-with-guava/listenablefuture-9999.0-empty-to-avoid-conflict-with-guava.jar:/home/runner/.m2/repository/com/google/code/findbugs/jsr305/3.0.2/jsr305-3.0.2.jar:/home/runner/.m2/repository/com/google/errorprone/error_prone_annotations/2.3.4/error_prone_annotations-2.3.4.jar:/home/runner/.m2/repository/com/google/j2objc/j2objc-annotations/1.3/j2objc-annotations-1.3.jar:/home/runner/.m2/repository/com/fasterxml/jackson/core/jackson-annotations/2.16.1/jackson-annotations-2.16.1.jar:/home/runner/.m2/repository/javax/annotation/javax.annotation-api/1.3.2/javax.annotation-api-1.3.2.jar:/home/runner/.m2/repository/com/fasterxml/jackson/datatype/jackson-datatype-jdk8/2.16.1/jackson-datatype-jdk8-2.16.1.jar:/home/runner/.m2/repository/com/google/zxing/javase/3.4.0/javase-3.4.0.jar:/home/runner/.m2/repository/com/google/zxing/core/3.4.0/core-3.4.0.jar:/home/runner/.m2/repository/com/github/jai-imageio/jai-imageio-core/1.4.0/jai-imageio-core-1.4.0.jar:/home/runner/.m2/repository/com/webauthn4j/webauthn4j-core/0.21.5.RELEASE/webauthn4j-core-0.21.5.RELEASE.jar:/home/runner/.m2/repository/com/webauthn4j/webauthn4j-util/0.21.5.RELEASE/webauthn4j-util-0.21.5.RELEASE.jar:/home/runner/.m2/repository/org/apache/kerby/kerby-asn1/2.0.3/kerby-asn1-2.0.3.jar:/home/runner/.m2/repository/com/fasterxml/jackson/dataformat/jackson-dataformat-cbor/2.15.2/jackson-dataformat-cbor-2.15.2.jar:/home/runner/.m2/repository/org/checkerframework/checker-qual/3.36.0/checker-qual-3.36.0.jar:/home/runner/.m2/repository/com/github/ua-parser/uap-java/1.5.4/uap-java-1.5.4.jar:/home/runner/.m2/repository/org/apache/commons/commons-collections4/4.4/commons-collections4-4.4.jar:/home/runner/.m2/repository/io/smallrye/common/smallrye-common-annotation/2.1.2/smallrye-common-annotation-2.1.2.jar:/home/runner/.m2/repository/org/keycloak/keycloak-model-storage-private/24.0.0/keycloak-model-storage-private-24.0.0.jar:/home/runner/.m2/repository/org/keycloak/keycloak-model-storage/24.0.0/keycloak-model-storage-24.0.0.jar:/home/runner/.m2/repository/org/apache/logging/log4j/log4j-core/2.23.1/log4j-core-2.23.1.jar:/home/runner/.m2/repository/org/apache/logging/log4j/log4j-api/2.23.1/log4j-api-2.23.1.jar:/home/runner/.m2/repository/org/apache/logging/log4j/log4j-slf4j2-impl/2.23.1/log4j-slf4j2-impl-2.23.1.jar:/home/runner/.m2/repository/org/slf4j/slf4j-api/2.0.9/slf4j-api-2.0.9.jar:/home/runner/.m2/repository/org/junit/jupiter/junit-jupiter-api/5.10.3/junit-jupiter-api-5.10.3.jar:/home/runner/.m2/repository/org/opentest4j/opentest4j/1.3.0/opentest4j-1.3.0.jar:/home/runner/.m2/repository/org/junit/platform/junit-platform-commons/1.10.3/junit-platform-commons-1.10.3.jar:/home/runner/.m2/repository/org/apiguardian/apiguardian-api/1.1.2/apiguardian-api-1.1.2.jar:/home/runner/.m2/repository/org/junit/jupiter/junit-jupiter-params/5.10.3/junit-jupiter-params-5.10.3.jar:/home/runner/.m2/repository/org/mockito/mockito-core/5.12.0/mockito-core-5.12.0.jar:/home/runner/.m2/repository/net/bytebuddy/byte-buddy/1.14.15/byte-buddy-1.14.15.jar:/home/runner/.m2/repository/net/bytebuddy/byte-buddy-agent/1.14.15/byte-buddy-agent-1.14.15.jar:/home/runner/.m2/repository/org/objenesis/objenesis/3.3/objenesis-3.3.jar:/home/runner/.m2/repository/org/mockito/mockito-junit-jupiter/5.12.0/mockito-junit-jupiter-5.12.0.jar:/home/runner/.m2/repository/org/assertj/assertj-core/3.26.3/assertj-core-3.26.3.jar:/home/runner/.m2/repository/org/testcontainers/junit-jupiter/1.20.1/junit-jupiter-1.20.1.jar:/home/runner/.m2/repository/org/testcontainers/testcontainers/1.20.1/testcontainers-1.20.1.jar:/home/runner/.m2/repository/junit/junit/4.13.2/junit-4.13.2.jar:/home/runner/.m2/repository/org/hamcrest/hamcrest-core/1.3/hamcrest-core-1.3.jar:/home/runner/.m2/repository/org/apache/commons/commons-compress/1.24.0/commons-compress-1.24.0.jar:/home/runner/.m2/repository/org/rnorth/duct-tape/duct-tape/1.0.8/duct-tape-1.0.8.jar:/home/runner/.m2/repository/org/jetbrains/annotations/17.0.0/annotations-17.0.0.jar:/home/runner/.m2/repository/com/github/docker-java/docker-java-api/3.4.0/docker-java-api-3.4.0.jar:/home/runner/.m2/repository/com/github/docker-java/docker-java-transport-zerodep/3.4.0/docker-java-transport-zerodep-3.4.0.jar:/home/runner/.m2/repository/com/github/docker-java/docker-java-transport/3.4.0/docker-java-transport-3.4.0.jar:/home/runner/.m2/repository/net/java/dev/jna/jna/5.13.0/jna-5.13.0.jar:/home/runner/.m2/repository/com/github/dasniko/testcontainers-keycloak/3.3.0/testcontainers-keycloak-3.3.0.jar:/home/runner/.m2/repository/io/quarkus/quarkus-junit4-mock/3.8.1/quarkus-junit4-mock-3.8.1.jar:/home/runner/.m2/repository/org/jboss/shrinkwrap/shrinkwrap-api/1.2.6/shrinkwrap-api-1.2.6.jar:/home/runner/.m2/repository/org/jboss/shrinkwrap/shrinkwrap-impl-base/1.2.6/shrinkwrap-impl-base-1.2.6.jar:/home/runner/.m2/repository/org/jboss/shrinkwrap/shrinkwrap-spi/1.2.6/shrinkwrap-spi-1.2.6.jar:/home/runner/.m2/repository/org/keycloak/keycloak-admin-client/24.0.0/keycloak-admin-client-24.0.0.jar:/home/runner/.m2/repository/org/jboss/resteasy/resteasy-client/6.2.7.Final/resteasy-client-6.2.7.Final.jar:/home/runner/.m2/repository/org/jboss/resteasy/resteasy-client-api/6.2.7.Final/resteasy-client-api-6.2.7.Final.jar:/home/runner/.m2/repository/org/jboss/resteasy/resteasy-core/6.2.7.Final/resteasy-core-6.2.7.Final.jar:/home/runner/.m2/repository/org/jboss/jandex/2.4.4.Final/jandex-2.4.4.Final.jar:/home/runner/.m2/repository/com/ibm/async/asyncutil/0.1.0/asyncutil-0.1.0.jar:/home/runner/.m2/repository/org/jboss/resteasy/resteasy-multipart-provider/6.2.7.Final/resteasy-multipart-provider-6.2.7.Final.jar:/home/runner/.m2/repository/org/apache/james/apache-mime4j-dom/0.8.9/apache-mime4j-dom-0.8.9.jar:/home/runner/.m2/repository/org/apache/james/apache-mime4j-core/0.8.9/apache-mime4j-core-0.8.9.jar:/home/runner/.m2/repository/org/apache/james/apache-mime4j-storage/0.8.9/apache-mime4j-storage-0.8.9.jar:/home/runner/.m2/repository/commons-io/commons-io/2.11.0/commons-io-2.11.0.jar:/home/runner/.m2/repository/org/jboss/resteasy/resteasy-jackson2-provider/6.2.7.Final/resteasy-jackson2-provider-6.2.7.Final.jar:/home/runner/.m2/repository/com/fasterxml/jackson/jakarta/rs/jackson-jakarta-rs-base/2.15.3/jackson-jakarta-rs-base-2.15.3.jar:/home/runner/.m2/repository/com/fasterxml/jackson/jakarta/rs/jackson-jakarta-rs-json-provider/2.15.3/jackson-jakarta-rs-json-provider-2.15.3.jar:/home/runner/.m2/repository/com/fasterxml/jackson/module/jackson-module-jakarta-xmlbind-annotations/2.15.3/jackson-module-jakarta-xmlbind-annotations-2.15.3.jar:/home/runner/.m2/repository/com/github/java-json-tools/json-patch/1.13/json-patch-1.13.jar:/home/runner/.m2/repository/com/github/java-json-tools/msg-simple/1.2/msg-simple-1.2.jar:/home/runner/.m2/repository/com/github/java-json-tools/btf/1.3/btf-1.3.jar:/home/runner/.m2/repository/com/github/java-json-tools/jackson-coreutils/2.0/jackson-coreutils-2.0.jar:/home/runner/.m2/repository/org/jboss/resteasy/resteasy-jaxb-provider/6.2.7.Final/resteasy-jaxb-provider-6.2.7.Final.jar:/home/runner/.m2/repository/org/glassfish/jaxb/codemodel/4.0.3/codemodel-4.0.3.jar:/home/runner/.m2/repository/org/glassfish/jaxb/jaxb-core/4.0.3/jaxb-core-4.0.3.jar:/home/runner/.m2/repository/org/glassfish/jaxb/jaxb-jxc/4.0.3/jaxb-jxc-4.0.3.jar:/home/runner/.m2/repository/org/glassfish/jaxb/jaxb-runtime/4.0.3/jaxb-runtime-4.0.3.jar:/home/runner/.m2/repository/org/glassfish/jaxb/txw2/4.0.3/txw2-4.0.3.jar:/home/runner/.m2/repository/org/glassfish/jaxb/jaxb-xjc/4.0.3/jaxb-xjc-4.0.3.jar:/home/runner/.m2/repository/org/glassfish/jaxb/xsom/4.0.3/xsom-4.0.3.jar:/home/runner/.m2/repository/com/sun/istack/istack-commons-runtime/4.1.2/istack-commons-runtime-4.1.2.jar:/home/runner/.m2/repository/com/sun/istack/istack-commons-tools/4.1.2/istack-commons-tools-4.1.2.jar:/home/runner/.m2/repository/com/sun/xml/bind/external/relaxng-datatype/4.0.3/relaxng-datatype-4.0.3.jar:/home/runner/.m2/repository/com/sun/xml/bind/external/rngom/4.0.3/rngom-4.0.3.jar:/home/runner/.m2/repository/io/rest-assured/rest-assured/5.5.0/rest-assured-5.5.0.jar:/home/runner/.m2/repository/org/apache/groovy/groovy/4.0.22/groovy-4.0.22.jar:/home/runner/.m2/repository/org/apache/groovy/groovy-xml/4.0.22/groovy-xml-4.0.22.jar:/home/runner/.m2/repository/org/apache/httpcomponents/httpmime/4.5.13/httpmime-4.5.13.jar:/home/runner/.m2/repository/org/hamcrest/hamcrest/2.2/hamcrest-2.2.jar:/home/runner/.m2/repository/org/ccil/cowan/tagsoup/tagsoup/1.2.1/tagsoup-1.2.1.jar:/home/runner/.m2/repository/io/rest-assured/json-path/5.5.0/json-path-5.5.0.jar:/home/runner/.m2/repository/org/apache/groovy/groovy-json/4.0.22/groovy-json-4.0.22.jar:/home/runner/.m2/repository/io/rest-assured/rest-assured-common/5.5.0/rest-assured-common-5.5.0.jar:/home/runner/.m2/repository/io/rest-assured/xml-path/5.5.0/xml-path-5.5.0.jar:/home/runner/.m2/repository/org/apache/commons/commons-lang3/3.11/commons-lang3-3.11.jar:/home/runner/.m2/repository/org/apache/maven/maven-model/3.9.8/maven-model-3.9.8.jar:/home/runner/.m2/repository/org/codehaus/plexus/plexus-utils/3.5.1/plexus-utils-3.5.1.jar:"/>
    <property name="sun.cpu.endian" value="little"/>
    <property name="user.home" value="/home/runner"/>
    <property name="user.language" value="en"/>
    <property name="java.specification.vendor" value="Oracle Corporation"/>
    <property name="java.version.date" value="2024-07-16"/>
    <property name="java.home" value="/usr/lib/jvm/temurin-17-jdk-amd64"/>
    <property name="file.separator" value="/"/>
    <property name="basedir" value="/home/runner/work/keycloak-last-login/keycloak-last-login"/>
    <property name="java.vm.compressedOopsMode" value="Zero based"/>
    <property name="line.separator" value="&#10;"/>
    <property name="java.specification.name" value="Java Platform API Specification"/>
    <property name="java.vm.specification.vendor" value="Oracle Corporation"/>
    <property name="surefire.real.class.path" value="/home/runner/work/keycloak-last-login/keycloak-last-login/target/surefire/surefirebooter-20240805141246876_3.jar"/>
    <property name="sun.management.compiler" value="HotSpot 64-Bit Tiered Compilers"/>
    <property name="java.runtime.version" value="17.0.12+7"/>
    <property name="user.name" value="runner"/>
    <property name="path.separator" value=":"/>
    <property name="os.version" value="6.5.0-1025-azure"/>
    <property name="java.runtime.name" value="OpenJDK Runtime Environment"/>
    <property name="file.encoding" value="UTF-8"/>
    <property name="jnidispatch.path" value="/home/runner/.cache/JNA/temp/jna6227503720528563594.tmp"/>
    <property name="java.vm.name" value="OpenJDK 64-Bit Server VM"/>
    <property name="jna.platform.library.path" value="/usr/lib/x86_64-linux-gnu:/lib/x86_64-linux-gnu:/usr/lib64:/lib64:/usr/lib:/lib:/lib32:/usr/local/lib:/usr/lib/x86_64-linux-gnu/libfakeroot"/>
    <property name="java.vendor.version" value="Temurin-17.0.12+7"/>
    <property name="localRepository" value="/home/runner/.m2/repository"/>
    <property name="jna.loaded" value="true"/>
    <property name="java.vendor.url.bug" value="https://github.com/adoptium/adoptium-support/issues"/>
    <property name="java.io.tmpdir" value="/tmp"/>
    <property name="java.version" value="17.0.12"/>
    <property name="user.dir" value="/home/runner/work/keycloak-last-login/keycloak-last-login"/>
    <property name="os.arch" value="amd64"/>
    <property name="java.vm.specification.name" value="Java Virtual Machine Specification"/>
    <property name="native.encoding" value="UTF-8"/>
    <property name="java.library.path" value="/usr/java/packages/lib:/usr/lib64:/lib64:/lib:/usr/lib"/>
    <property name="java.vm.info" value="mixed mode, sharing"/>
    <property name="java.vendor" value="Eclipse Adoptium"/>
    <property name="java.vm.version" value="17.0.12+7"/>
    <property name="sun.io.unicode.encoding" value="UnicodeLittle"/>
    <property name="maven.repo.local" value="/home/runner/.m2/repository"/>
    <property name="java.class.version" value="61.0"/>
  </properties>
  <testcase name="testThatLoginAttributeIsWrittenAndAlsoUpdated" classname="de.robinmeese.keycloak.events.LastLoginListenerTest" time="26.24">
    <system-out><![CDATA[1662 [main] &amp#27;[32mINFO &amp#27;[m org.testcontainers.images.PullPolicy - Image pull policy will be performed by: DefaultPullPolicy()

1666 [main] &amp#27;[32mINFO &amp#27;[m org.testcontainers.utility.ImageNameSubstitutor - Image name substitution will be performed by: DefaultImageNameSubstitutor (composite of 'ConfigurationFileImageNameSubstitutor' and 'PrefixingImageNameSubstitutor')

1693 [main] &amp#27;[32mINFO &amp#27;[m org.testcontainers.DockerClientFactory - Testcontainers version: 1.20.1

2088 [main] &amp#27;[32mINFO &amp#27;[m org.testcontainers.dockerclient.DockerClientProviderStrategy - Found Docker environment with local Unix socket (unix:///var/run/docker.sock)

2096 [main] &amp#27;[32mINFO &amp#27;[m org.testcontainers.DockerClientFactory - Docker host IP address is localhost

2111 [main] &amp#27;[32mINFO &amp#27;[m org.testcontainers.DockerClientFactory - Connected to docker: 
  Server Version: 26.1.3
  API Version: 1.45
  Operating System: Ubuntu 22.04.4 LTS
  Total Memory: 15981 MB

2140 [main] &amp#27;[32mINFO &amp#27;[m tc.testcontainers/ryuk:0.8.1 - Pulling docker image: testcontainers/ryuk:0.8.1. Please be patient; this may take some time but only needs to be done once.

3125 [docker-java-stream-1689030468] &amp#27;[32mINFO &amp#27;[m tc.testcontainers/ryuk:0.8.1 - Starting to pull image

3140 [docker-java-stream-1689030468] &amp#27;[32mINFO &amp#27;[m tc.testcontainers/ryuk:0.8.1 - Pulling image layers:  0 pending,  0 downloaded,  0 extracted, (0 bytes/0 bytes)

3668 [docker-java-stream-1689030468] &amp#27;[32mINFO &amp#27;[m tc.testcontainers/ryuk:0.8.1 - Pulling image layers:  2 pending,  1 downloaded,  0 extracted, (317 KB/? MB)

3672 [docker-java-stream-1689030468] &amp#27;[32mINFO &amp#27;[m tc.testcontainers/ryuk:0.8.1 - Pulling image layers:  1 pending,  2 downloaded,  0 extracted, (317 KB/? MB)

3792 [docker-java-stream-1689030468] &amp#27;[32mINFO &amp#27;[m tc.testcontainers/ryuk:0.8.1 - Pulling image layers:  0 pending,  3 downloaded,  0 extracted, (351 KB/6 MB)

3894 [docker-java-stream-1689030468] &amp#27;[32mINFO &amp#27;[m tc.testcontainers/ryuk:0.8.1 - Pulling image layers:  0 pending,  3 downloaded,  1 extracted, (3 MB/6 MB)

4000 [docker-java-stream-1689030468] &amp#27;[32mINFO &amp#27;[m tc.testcontainers/ryuk:0.8.1 - Pulling image layers:  0 pending,  3 downloaded,  2 extracted, (3 MB/6 MB)

4113 [docker-java-stream-1689030468] &amp#27;[32mINFO &amp#27;[m tc.testcontainers/ryuk:0.8.1 - Pulling image layers:  0 pending,  3 downloaded,  3 extracted, (6 MB/6 MB)

4119 [main] &amp#27;[32mINFO &amp#27;[m tc.testcontainers/ryuk:0.8.1 - Image testcontainers/ryuk:0.8.1 pull took PT1.978307898S

4157 [main] &amp#27;[32mINFO &amp#27;[m tc.testcontainers/ryuk:0.8.1 - Creating container for image: testcontainers/ryuk:0.8.1

4224 [main] &amp#27;[32mINFO &amp#27;[m tc.testcontainers/ryuk:0.8.1 - Container testcontainers/ryuk:0.8.1 is starting: ebeb0e52bb3a402c4b9267a632d740f67bf23b6a947950ce5564a8d10624829f

4532 [main] &amp#27;[32mINFO &amp#27;[m tc.testcontainers/ryuk:0.8.1 - Container testcontainers/ryuk:0.8.1 started in PT0.374728046S

4536 [main] &amp#27;[32mINFO &amp#27;[m org.testcontainers.utility.RyukResourceReaper - Ryuk started - will monitor and terminate Testcontainers containers on JVM exit

4537 [main] &amp#27;[32mINFO &amp#27;[m org.testcontainers.DockerClientFactory - Checking the system...

4537 [main] &amp#27;[32mINFO &amp#27;[m org.testcontainers.DockerClientFactory - ✔︎ Docker server version should be at least 1.6.0

4540 [main] &amp#27;[32mINFO &amp#27;[m tc.quay.io/keycloak/keycloak:latest - Pulling docker image: quay.io/keycloak/keycloak:latest. Please be patient; this may take some time but only needs to be done once.

5863 [docker-java-stream-637761215] &amp#27;[32mINFO &amp#27;[m tc.quay.io/keycloak/keycloak:latest - Starting to pull image

5864 [docker-java-stream-637761215] &amp#27;[32mINFO &amp#27;[m tc.quay.io/keycloak/keycloak:latest - Pulling image layers:  0 pending,  0 downloaded,  0 extracted, (0 bytes/0 bytes)

6573 [docker-java-stream-637761215] &amp#27;[32mINFO &amp#27;[m tc.quay.io/keycloak/keycloak:latest - Pulling image layers:  3 pending,  1 downloaded,  0 extracted, (1 MB/? MB)

6891 [docker-java-stream-637761215] &amp#27;[32mINFO &amp#27;[m tc.quay.io/keycloak/keycloak:latest - Pulling image layers:  3 pending,  1 downloaded,  1 extracted, (116 MB/? MB)

6916 [docker-java-stream-637761215] &amp#27;[32mINFO &amp#27;[m tc.quay.io/keycloak/keycloak:latest - Pulling image layers:  2 pending,  2 downloaded,  1 extracted, (116 MB/? MB)

6983 [docker-java-stream-637761215] &amp#27;[32mINFO &amp#27;[m tc.quay.io/keycloak/keycloak:latest - Pulling image layers:  1 pending,  3 downloaded,  1 extracted, (152 MB/? MB)

7297 [docker-java-stream-637761215] &amp#27;[32mINFO &amp#27;[m tc.quay.io/keycloak/keycloak:latest - Pulling image layers:  0 pending,  4 downloaded,  1 extracted, (197 MB/224 MB)

9475 [docker-java-stream-637761215] &amp#27;[32mINFO &amp#27;[m tc.quay.io/keycloak/keycloak:latest - Pulling image layers:  0 pending,  4 downloaded,  2 extracted, (212 MB/224 MB)

10412 [docker-java-stream-637761215] &amp#27;[32mINFO &amp#27;[m tc.quay.io/keycloak/keycloak:latest - Pulling image layers:  0 pending,  4 downloaded,  3 extracted, (224 MB/224 MB)

10421 [docker-java-stream-637761215] &amp#27;[32mINFO &amp#27;[m tc.quay.io/keycloak/keycloak:latest - Pulling image layers:  0 pending,  4 downloaded,  4 extracted, (224 MB/224 MB)

10427 [docker-java-stream-637761215] &amp#27;[32mINFO &amp#27;[m tc.quay.io/keycloak/keycloak:latest - Pull complete. 4 layers, pulled in 4s (downloaded 224 MB at 56 MB/s)

10427 [main] &amp#27;[32mINFO &amp#27;[m tc.quay.io/keycloak/keycloak:latest - Image quay.io/keycloak/keycloak:latest pull took PT5.88716228S

10476 [main] &amp#27;[32mINFO &amp#27;[m tc.quay.io/keycloak/keycloak:latest - Creating container for image: quay.io/keycloak/keycloak:latest

10508 [main] &amp#27;[32mINFO &amp#27;[m tc.quay.io/keycloak/keycloak:latest - Container quay.io/keycloak/keycloak:latest is starting: dbe876e821c27fff3cab61e7c0f2b4e592a992fb86d87884c60724fd9dd6704d

10745 [main] &amp#27;[32mINFO &amp#27;[m org.testcontainers.containers.wait.strategy.HttpWaitStrategy - /trusting_satoshi: Waiting for 120 seconds for URL: http://localhost:32770 (where port 32770 maps to container port 8080)

10748 [docker-java-stream--2105637703] &amp#27;[32mINFO &amp#27;[m de.robinmeese.keycloak.events.LastLoginListenerTest - JAVA_OPTS_KC_HEAP already set in environment; overriding default settings

10748 [docker-java-stream--2105637703] &amp#27;[32mINFO &amp#27;[m tc.quay.io/keycloak/keycloak:latest - STDOUT: JAVA_OPTS_KC_HEAP already set in environment; overriding default settings

11612 [docker-java-stream--2105637703] &amp#27;[32mINFO &amp#27;[m tc.quay.io/keycloak/keycloak:latest - STDOUT: Updating the configuration and installing your custom providers, if any. Please wait.

11612 [docker-java-stream--2105637703] &amp#27;[32mINFO &amp#27;[m de.robinmeese.keycloak.events.LastLoginListenerTest - Updating the configuration and installing your custom providers, if any. Please wait.

14840 [docker-java-stream--2105637703] &amp#27;[32mINFO &amp#27;[m tc.quay.io/keycloak/keycloak:latest - STDOUT: 2024-08-05 14:13:01,307 WARN  [org.key.services] (build-22) KC-SERVICES0047: last-login (de.robinmeese.keycloak.events.LastLoginListenerFactory) is implementing the internal SPI eventsListener. This SPI is internal and may change without notice

14841 [docker-java-stream--2105637703] &amp#27;[32mINFO &amp#27;[m de.robinmeese.keycloak.events.LastLoginListenerTest - 2024-08-05 14:13:01,307 WARN  [org.key.services] (build-22) KC-SERVICES0047: last-login (de.robinmeese.keycloak.events.LastLoginListenerFactory) is implementing the internal SPI eventsListener. This SPI is internal and may change without notice

19064 [docker-java-stream--2105637703] &amp#27;[32mINFO &amp#27;[m de.robinmeese.keycloak.events.LastLoginListenerTest - 2024-08-05 14:13:06,036 INFO  [io.qua.dep.QuarkusAugmentor] (main) Quarkus augmentation completed in 6678ms

19064 [docker-java-stream--2105637703] &amp#27;[32mINFO &amp#27;[m tc.quay.io/keycloak/keycloak:latest - STDOUT: 2024-08-05 14:13:06,036 INFO  [io.qua.dep.QuarkusAugmentor] (main) Quarkus augmentation completed in 6678ms

23016 [docker-java-stream--2105637703] &amp#27;[32mINFO &amp#27;[m de.robinmeese.keycloak.events.LastLoginListenerTest - 2024-08-05 14:13:09,988 INFO  [org.infinispan.CONTAINER] (ForkJoinPool.commonPool-worker-1) ISPN000556: Starting user marshaller 'org.infinispan.jboss.marshalling.core.JBossUserMarshaller'

23016 [docker-java-stream--2105637703] &amp#27;[32mINFO &amp#27;[m tc.quay.io/keycloak/keycloak:latest - STDOUT: 2024-08-05 14:13:09,988 INFO  [org.infinispan.CONTAINER] (ForkJoinPool.commonPool-worker-1) ISPN000556: Starting user marshaller 'org.infinispan.jboss.marshalling.core.JBossUserMarshaller'

24521 [docker-java-stream--2105637703] &amp#27;[32mINFO &amp#27;[m tc.quay.io/keycloak/keycloak:latest - STDOUT: 2024-08-05 14:13:11,494 INFO  [org.keycloak.quarkus.runtime.storage.legacy.liquibase.QuarkusJpaUpdaterProvider] (main) Initializing database schema. Using changelog META-INF/jpa-changelog-master.xml

24522 [docker-java-stream--2105637703] &amp#27;[32mINFO &amp#27;[m de.robinmeese.keycloak.events.LastLoginListenerTest - 2024-08-05 14:13:11,494 INFO  [org.keycloak.quarkus.runtime.storage.legacy.liquibase.QuarkusJpaUpdaterProvider] (main) Initializing database schema. Using changelog META-INF/jpa-changelog-master.xml

26710 [docker-java-stream--2105637703] &amp#27;[32mINFO &amp#27;[m tc.quay.io/keycloak/keycloak:latest - STDOUT: 

26710 [docker-java-stream--2105637703] &amp#27;[32mINFO &amp#27;[m tc.quay.io/keycloak/keycloak:latest - STDOUT: UPDATE SUMMARY

26710 [docker-java-stream--2105637703] &amp#27;[32mINFO &amp#27;[m tc.quay.io/keycloak/keycloak:latest - STDOUT: Run:                        134

26710 [docker-java-stream--2105637703] &amp#27;[32mINFO &amp#27;[m tc.quay.io/keycloak/keycloak:latest - STDOUT: Previously run:               0

26711 [docker-java-stream--2105637703] &amp#27;[32mINFO &amp#27;[m tc.quay.io/keycloak/keycloak:latest - STDOUT: Filtered out:                 0

26711 [docker-java-stream--2105637703] &amp#27;[32mINFO &amp#27;[m tc.quay.io/keycloak/keycloak:latest - STDOUT: -------------------------------

26711 [docker-java-stream--2105637703] &amp#27;[32mINFO &amp#27;[m tc.quay.io/keycloak/keycloak:latest - STDOUT: Total change sets:          134

26711 [docker-java-stream--2105637703] &amp#27;[32mINFO &amp#27;[m tc.quay.io/keycloak/keycloak:latest - STDOUT: 

26711 [docker-java-stream--2105637703] &amp#27;[32mINFO &amp#27;[m de.robinmeese.keycloak.events.LastLoginListenerTest - 

26712 [docker-java-stream--2105637703] &amp#27;[32mINFO &amp#27;[m de.robinmeese.keycloak.events.LastLoginListenerTest - UPDATE SUMMARY

26712 [docker-java-stream--2105637703] &amp#27;[32mINFO &amp#27;[m de.robinmeese.keycloak.events.LastLoginListenerTest - Run:                        134

26712 [docker-java-stream--2105637703] &amp#27;[32mINFO &amp#27;[m de.robinmeese.keycloak.events.LastLoginListenerTest - Previously run:               0

26712 [docker-java-stream--2105637703] &amp#27;[32mINFO &amp#27;[m de.robinmeese.keycloak.events.LastLoginListenerTest - Filtered out:                 0

26712 [docker-java-stream--2105637703] &amp#27;[32mINFO &amp#27;[m de.robinmeese.keycloak.events.LastLoginListenerTest - -------------------------------

26712 [docker-java-stream--2105637703] &amp#27;[32mINFO &amp#27;[m de.robinmeese.keycloak.events.LastLoginListenerTest - Total change sets:          134

26713 [docker-java-stream--2105637703] &amp#27;[32mINFO &amp#27;[m de.robinmeese.keycloak.events.LastLoginListenerTest - 

27064 [docker-java-stream--2105637703] &amp#27;[32mINFO &amp#27;[m tc.quay.io/keycloak/keycloak:latest - STDOUT: 2024-08-05 14:13:14,036 INFO  [org.keycloak.connections.infinispan.DefaultInfinispanConnectionProviderFactory] (main) Node name: node_562113, Site name: null

27064 [docker-java-stream--2105637703] &amp#27;[32mINFO &amp#27;[m de.robinmeese.keycloak.events.LastLoginListenerTest - 2024-08-05 14:13:14,036 INFO  [org.keycloak.connections.infinispan.DefaultInfinispanConnectionProviderFactory] (main) Node name: node_562113, Site name: null

27188 [docker-java-stream--2105637703] &amp#27;[32mINFO &amp#27;[m de.robinmeese.keycloak.events.LastLoginListenerTest - 2024-08-05 14:13:14,160 INFO  [org.keycloak.broker.provider.AbstractIdentityProviderMapper] (main) Registering class org.keycloak.broker.provider.mappersync.ConfigSyncEventListener

27188 [docker-java-stream--2105637703] &amp#27;[32mINFO &amp#27;[m tc.quay.io/keycloak/keycloak:latest - STDOUT: 2024-08-05 14:13:14,160 INFO  [org.keycloak.broker.provider.AbstractIdentityProviderMapper] (main) Registering class org.keycloak.broker.provider.mappersync.ConfigSyncEventListener

27242 [docker-java-stream--2105637703] &amp#27;[32mINFO &amp#27;[m tc.quay.io/keycloak/keycloak:latest - STDOUT: 2024-08-05 14:13:14,215 INFO  [org.keycloak.services] (main) KC-SERVICES0050: Initializing master realm

27242 [docker-java-stream--2105637703] &amp#27;[32mINFO &amp#27;[m de.robinmeese.keycloak.events.LastLoginListenerTest - 2024-08-05 14:13:14,215 INFO  [org.keycloak.services] (main) KC-SERVICES0050: Initializing master realm

28659 [docker-java-stream--2105637703] &amp#27;[32mINFO &amp#27;[m tc.quay.io/keycloak/keycloak:latest - STDOUT: 2024-08-05 14:13:15,631 INFO  [org.keycloak.exportimport.dir.DirImportProvider] (main) Importing from directory /opt/keycloak/bin/../data/import

28659 [docker-java-stream--2105637703] &amp#27;[32mINFO &amp#27;[m tc.quay.io/keycloak/keycloak:latest - STDOUT: 2024-08-05 14:13:15,631 INFO  [org.keycloak.services] (main) KC-SERVICES0030: Full model import requested. Strategy: IGNORE_EXISTING

28659 [docker-java-stream--2105637703] &amp#27;[32mINFO &amp#27;[m de.robinmeese.keycloak.events.LastLoginListenerTest - 2024-08-05 14:13:15,631 INFO  [org.keycloak.exportimport.dir.DirImportProvider] (main) Importing from directory /opt/keycloak/bin/../data/import

28660 [docker-java-stream--2105637703] &amp#27;[32mINFO &amp#27;[m de.robinmeese.keycloak.events.LastLoginListenerTest - 2024-08-05 14:13:15,631 INFO  [org.keycloak.services] (main) KC-SERVICES0030: Full model import requested. Strategy: IGNORE_EXISTING

30596 [docker-java-stream--2105637703] &amp#27;[32mINFO &amp#27;[m de.robinmeese.keycloak.events.LastLoginListenerTest - 2024-08-05 14:13:17,568 INFO  [org.keycloak.exportimport.util.ImportUtils] (main) Realm 'test-realm' imported

30596 [docker-java-stream--2105637703] &amp#27;[32mINFO &amp#27;[m tc.quay.io/keycloak/keycloak:latest - STDOUT: 2024-08-05 14:13:17,568 INFO  [org.keycloak.exportimport.util.ImportUtils] (main) Realm 'test-realm' imported

30713 [docker-java-stream--2105637703] &amp#27;[32mINFO &amp#27;[m tc.quay.io/keycloak/keycloak:latest - STDOUT: 2024-08-05 14:13:17,685 INFO  [org.keycloak.services] (main) KC-SERVICES0032: Import finished successfully

30713 [docker-java-stream--2105637703] &amp#27;[32mINFO &amp#27;[m de.robinmeese.keycloak.events.LastLoginListenerTest - 2024-08-05 14:13:17,685 INFO  [org.keycloak.services] (main) KC-SERVICES0032: Import finished successfully

30901 [docker-java-stream--2105637703] &amp#27;[32mINFO &amp#27;[m de.robinmeese.keycloak.events.LastLoginListenerTest - 2024-08-05 14:13:17,874 INFO  [org.keycloak.services] (main) KC-SERVICES0009: Added user 'admin' to realm 'master'

30903 [docker-java-stream--2105637703] &amp#27;[32mINFO &amp#27;[m tc.quay.io/keycloak/keycloak:latest - STDOUT: 2024-08-05 14:13:17,874 INFO  [org.keycloak.services] (main) KC-SERVICES0009: Added user 'admin' to realm 'master'

30972 [docker-java-stream--2105637703] &amp#27;[32mINFO &amp#27;[m de.robinmeese.keycloak.events.LastLoginListenerTest - 2024-08-05 14:13:17,944 INFO  [io.quarkus] (main) Keycloak 25.0.2 on JVM (powered by Quarkus 3.8.5) started in 11.780s. Listening on: http://0.0.0.0:8080. Management interface listening on http://0.0.0.0:9000.

30973 [docker-java-stream--2105637703] &amp#27;[32mINFO &amp#27;[m de.robinmeese.keycloak.events.LastLoginListenerTest - 2024-08-05 14:13:17,944 INFO  [io.quarkus] (main) Profile dev activated. 

30973 [docker-java-stream--2105637703] &amp#27;[32mINFO &amp#27;[m de.robinmeese.keycloak.events.LastLoginListenerTest - 2024-08-05 14:13:17,945 INFO  [io.quarkus] (main) Installed features: [agroal, cdi, hibernate-orm, jdbc-h2, keycloak, logging-gelf, narayana-jta, reactive-routes, resteasy-reactive, resteasy-reactive-jackson, smallrye-context-propagation, vertx]

30972 [docker-java-stream--2105637703] &amp#27;[32mINFO &amp#27;[m tc.quay.io/keycloak/keycloak:latest - STDOUT: 2024-08-05 14:13:17,944 INFO  [io.quarkus] (main) Keycloak 25.0.2 on JVM (powered by Quarkus 3.8.5) started in 11.780s. Listening on: http://0.0.0.0:8080. Management interface listening on http://0.0.0.0:9000.

30973 [docker-java-stream--2105637703] &amp#27;[32mINFO &amp#27;[m tc.quay.io/keycloak/keycloak:latest - STDOUT: 2024-08-05 14:13:17,944 INFO  [io.quarkus] (main) Profile dev activated. 

30973 [docker-java-stream--2105637703] &amp#27;[32mINFO &amp#27;[m tc.quay.io/keycloak/keycloak:latest - STDOUT: 2024-08-05 14:13:17,945 INFO  [io.quarkus] (main) Installed features: [agroal, cdi, hibernate-orm, jdbc-h2, keycloak, logging-gelf, narayana-jta, reactive-routes, resteasy-reactive, resteasy-reactive-jackson, smallrye-context-propagation, vertx]

30977 [docker-java-stream--2105637703] &amp#27;[32mINFO &amp#27;[m tc.quay.io/keycloak/keycloak:latest - STDOUT: 2024-08-05 14:13:17,950 WARN  [org.keycloak.quarkus.runtime.KeycloakMain] (main) Running the server in development mode. DO NOT use this configuration in production.

30977 [docker-java-stream--2105637703] &amp#27;[32mINFO &amp#27;[m de.robinmeese.keycloak.events.LastLoginListenerTest - 2024-08-05 14:13:17,950 WARN  [org.keycloak.quarkus.runtime.KeycloakMain] (main) Running the server in development mode. DO NOT use this configuration in production.

32068 [main] &amp#27;[32mINFO &amp#27;[m tc.quay.io/keycloak/keycloak:latest - Container quay.io/keycloak/keycloak:latest started in PT21.592095259S

]]></system-out>
  </testcase>
</testsuite>